Il cameriere Marco Rossi ha preso l'ordine per il tavolo 10: cacio e pepe.
Il cameriere Aniello Genovese ha preso l'ordine per il tavolo 3: salutare, red velvet, The.
Il cameriere Marco Rossi ha consegnato l'ordine al tavolo 10.
Il cameriere Pippo Esposito ha preso l'ordine per il tavolo 5: doppio cheeseburger, Sprite.
Il cameriere Aniello Genovese ha consegnato l'ordine al tavolo 3.
Il cameriere Placeholder Espostio ha preso l'ordine per il tavolo 11: Hamburger, gelato.
Il cameriere Pippo Esposito ha consegnato l'ordine al tavolo 5.
Il cameriere Placeholder Espostio ha consegnato l'ordine al tavolo 11.
Il pagamento per il tavolo 10 è stato elaborato.
Il cameriere Marco Rossi ha preso l'ordine per il tavolo 10: Cannelloni.
Il pagamento per il tavolo 3 è stato elaborato.
Il pagamento per il tavolo 5 è stato elaborato.
Il cameriere Marco Rossi ha consegnato l'ordine al tavolo 10.
Il pagamento per il tavolo 11 è stato elaborato.
Il pagamento per il tavolo 10 è stato elaborato.
Il cameriere Marco Rossi ha preso l'ordine per il tavolo 10: gelato.
Il cameriere Aniello Genovese ha preso l'ordine per il tavolo 1: Diavola, caffe, The, doppio cheeseburger, cheesecake, red velvet.
Il cameriere Marco Rossi ha consegnato l'ordine al tavolo 10.
Il cameriere Pippo Esposito ha preso l'ordine per il tavolo 6: cheesecake, gelato, gelato, doppio cheeseburger, Bucatini alla amatriciana.
Il cameriere Aniello Genovese ha consegnato l'ordine al tavolo 1.
Il cameriere Placeholder Espostio ha preso l'ordine per il tavolo 4: ichnusa, romagnola.
Il cameriere Pippo Esposito ha consegnato l'ordine al tavolo 6.
Il cameriere Placeholder Espostio ha consegnato l'ordine al tavolo 4.
Il pagamento per il tavolo 10 è stato elaborato.
Il pagamento per il tavolo 1 è stato elaborato.
Il pagamento per il tavolo 6 è stato elaborato.
Il cameriere Marco Rossi ha preso l'ordine per il tavolo 8: piadina kebab, The, Bucatini alla amatriciana, ichnusa, Diavola.
Il cameriere Marco Rossi ha preso l'ordine per il tavolo 9: romagnola, Cannelloni, crispy, The, piadina kebab, crispy.
Il cameriere Aniello Genovese ha preso l'ordine per il tavolo 1: cheesecake.
Il cameriere Marco Rossi ha consegnato l'ordine al tavolo 9.
Il cameriere Pippo Esposito ha preso l'ordine per il tavolo 11: piadina kebab, cheesecake.
Il cameriere Aniello Genovese ha consegnato l'ordine al tavolo 1.
Il cameriere Placeholder Espostio ha preso l'ordine per il tavolo 7: romagnola, Bucatini alla amatriciana, red velvet.
Il cameriere Pippo Esposito ha consegnato l'ordine al tavolo 11.
Il cameriere Placeholder Espostio ha consegnato l'ordine al tavolo 7.
Il pagamento per il tavolo 9 è stato elaborato.
Il cameriere Marco Rossi ha preso l'ordine per il tavolo 9: carbonara, Hamburger, Bucatini alla amatriciana, crispy, Corona, The.
Il pagamento per il tavolo 1 è stato elaborato.
Il pagamento per il tavolo 11 è stato elaborato.
Il cameriere Marco Rossi ha consegnato l'ordine al tavolo 9.
Il pagamento per il tavolo 7 è stato elaborato.
Il pagamento per il tavolo 9 è stato elaborato.
Il cameriere Marco Rossi ha preso l'ordine per il tavolo 8: gelato, Cannelloni, The, Peroni, crispy.
Il cameriere Aniello Genovese ha preso l'ordine per il tavolo 6: carbonara, Corona, cheesecake.
Il cameriere Marco Rossi ha consegnato l'ordine al tavolo 8.
Il cameriere Pippo Esposito ha preso l'ordine per il tavolo 11: The, gelato.
Il cameriere Aniello Genovese ha consegnato l'ordine al tavolo 6.
Il cameriere Placeholder Espostio ha preso l'ordine per il tavolo 7: ichnusa, ichnusa, cacio e pepe.
Il cameriere Pippo Esposito ha consegnato l'ordine al tavolo 11.
Il cameriere Placeholder Espostio ha consegnato l'ordine al tavolo 7.
Il pagamento per il tavolo 8 è stato elaborato.
Il cameriere Marco Rossi ha preso l'ordine per il tavolo 3: doppio cheeseburger, The, romagnola.
Il pagamento per il tavolo 6 è stato elaborato.
Il cameriere Marco Rossi ha preso l'ordine per il tavolo 11: caffe, ichnusa.
Il cameriere Aniello Genovese ha preso l'ordine per il tavolo 2: Cannelloni.
Il cameriere Marco Rossi ha consegnato l'ordine al tavolo 11.
Il cameriere Pippo Esposito ha preso l'ordine per il tavolo 1: piadina kebab, salutare, Bucatini alla amatriciana, The, crispy, red velvet.
Il cameriere Aniello Genovese ha consegnato l'ordine al tavolo 2.
Il cameriere Placeholder Espostio ha preso l'ordine per il tavolo 5: The, ichnusa.
Il cameriere Pippo Esposito ha consegnato l'ordine al tavolo 1.
Il cameriere Placeholder Espostio ha consegnato l'ordine al tavolo 5.
Il pagamento per il tavolo 11 è stato elaborato.
